mode: set
itswork.app/pkg/cache/redis.go:13.41,15.20 2 1
itswork.app/pkg/cache/redis.go:15.20,18.3 2 1
itswork.app/pkg/cache/redis.go:20.2,21.16 2 1
itswork.app/pkg/cache/redis.go:21.16,23.3 1 1
itswork.app/pkg/cache/redis.go:25.2,28.47 3 1
itswork.app/pkg/cache/redis.go:28.47,30.3 1 1
itswork.app/pkg/cache/redis.go:32.2,33.20 2 1
itswork.app/pkg/database/db.go:13.32,16.2 2 1
itswork.app/pkg/database/db.go:18.60,19.15 1 1
itswork.app/pkg/database/db.go:19.15,21.3 1 1
itswork.app/pkg/database/db.go:23.2,24.16 2 1
itswork.app/pkg/database/db.go:24.16,26.3 1 0
itswork.app/pkg/database/db.go:29.2,34.34 4 1
itswork.app/pkg/database/db.go:34.34,37.3 2 1
itswork.app/pkg/database/db.go:39.2,40.16 2 0
itswork.app/internal/ingestor/handler.go:13.80,19.49 4 1
itswork.app/internal/ingestor/handler.go:19.49,21.3 1 1
itswork.app/internal/ingestor/handler.go:23.2,23.40 1 1
itswork.app/internal/ingestor/handler.go:23.40,25.3 1 1
itswork.app/internal/ingestor/handler.go:27.2,27.52 1 1
itswork.app/internal/ingestor/handler.go:27.52,29.3 1 1
itswork.app/internal/ingestor/handler.go:31.2,31.10 1 1
itswork.app/internal/ingestor/handler.go:35.59,38.16 2 1
itswork.app/internal/ingestor/handler.go:38.16,42.3 3 1
itswork.app/internal/ingestor/handler.go:45.2,45.9 1 1
itswork.app/internal/ingestor/handler.go:46.34,48.53 1 1
itswork.app/internal/ingestor/handler.go:49.10,52.84 2 1
itswork.app/internal/ingestor/handler.go:57.77,59.16 2 1
itswork.app/internal/ingestor/handler.go:59.16,62.3 2 1
itswork.app/internal/ingestor/handler.go:64.2,65.16 2 1
itswork.app/internal/ingestor/handler.go:65.16,68.3 2 1
itswork.app/internal/ingestor/handler.go:70.2,74.4 1 1
itswork.app/internal/ingestor/publisher.go:22.32,26.21 3 1
itswork.app/internal/ingestor/publisher.go:26.21,28.3 1 1
itswork.app/internal/ingestor/publisher.go:29.2,29.19 1 1
itswork.app/internal/ingestor/publisher.go:29.19,31.3 1 1
itswork.app/internal/ingestor/publisher.go:33.2,37.16 3 1
itswork.app/internal/ingestor/publisher.go:37.16,39.3 1 1
itswork.app/internal/ingestor/publisher.go:41.2,42.19 2 1
itswork.app/internal/ingestor/publisher.go:42.19,49.3 4 0
itswork.app/internal/ingestor/publisher.go:51.2,61.12 3 1
itswork.app/internal/ingestor/publisher.go:64.50,65.34 1 1
itswork.app/internal/ingestor/publisher.go:65.34,68.3 2 1
itswork.app/internal/ingestor/publisher.go:71.36,74.6 2 1
itswork.app/internal/ingestor/publisher.go:74.6,75.10 1 1
itswork.app/internal/ingestor/publisher.go:76.23,77.10 1 1
itswork.app/internal/ingestor/publisher.go:78.32,79.25 1 1
itswork.app/internal/ingestor/publisher.go:79.25,81.13 2 1
itswork.app/internal/ingestor/publisher.go:85.4,90.37 2 0
itswork.app/internal/ingestor/publisher.go:90.37,95.19 4 0
itswork.app/internal/ingestor/publisher.go:95.19,97.6 1 0
itswork.app/internal/ingestor/publisher.go:103.32,107.23 4 1
itswork.app/internal/ingestor/publisher.go:107.23,109.3 1 0
itswork.app/internal/ingestor/publisher.go:110.2,110.21 1 1
itswork.app/internal/ingestor/publisher.go:110.21,112.3 1 0
itswork.app/internal/ingestor/publisher.go:113.2,113.47 1 1
itswork.app/internal/processor/grpc_client.go:20.45,22.18 2 1
itswork.app/internal/processor/grpc_client.go:22.18,24.3 1 0
itswork.app/internal/processor/grpc_client.go:25.2,25.99 1 1
itswork.app/internal/processor/grpc_client.go:28.93,32.16 3 1
itswork.app/internal/processor/grpc_client.go:32.16,34.3 1 0
itswork.app/internal/processor/grpc_client.go:36.2,39.8 1 1
itswork.app/internal/processor/grpc_client.go:42.112,43.22 1 1
itswork.app/internal/processor/grpc_client.go:43.22,45.3 1 1
itswork.app/internal/processor/grpc_client.go:46.2,53.16 3 1
itswork.app/internal/processor/grpc_client.go:53.16,56.3 2 0
itswork.app/internal/processor/grpc_client.go:58.2,58.18 1 1
itswork.app/internal/processor/grpc_client.go:61.32,62.20 1 1
itswork.app/internal/processor/grpc_client.go:62.20,65.3 2 1
itswork.app/internal/processor/subscriber.go:45.105,55.2 2 1
itswork.app/internal/processor/subscriber.go:57.86,60.21 3 1
itswork.app/internal/processor/subscriber.go:60.21,62.3 1 1
itswork.app/internal/processor/subscriber.go:63.2,63.17 1 1
itswork.app/internal/processor/subscriber.go:63.17,65.3 1 1
itswork.app/internal/processor/subscriber.go:67.2,69.16 3 1
itswork.app/internal/processor/subscriber.go:69.16,71.3 1 1
itswork.app/internal/processor/subscriber.go:73.2,76.15 4 0
itswork.app/internal/processor/subscriber.go:79.30,80.25 1 1
itswork.app/internal/processor/subscriber.go:80.25,83.3 2 0
itswork.app/internal/processor/subscriber.go:84.2,87.84 2 1
itswork.app/internal/processor/subscriber.go:87.84,89.3 1 0
itswork.app/internal/processor/subscriber.go:91.2,91.16 1 1
itswork.app/internal/processor/subscriber.go:91.16,93.3 1 0
itswork.app/internal/processor/subscriber.go:96.78,98.59 2 1
itswork.app/internal/processor/subscriber.go:98.59,102.3 3 1
itswork.app/internal/processor/subscriber.go:104.2,104.31 1 1
itswork.app/internal/processor/subscriber.go:104.31,108.3 3 1
itswork.app/internal/processor/subscriber.go:110.2,114.16 3 1
itswork.app/internal/processor/subscriber.go:114.16,118.3 3 1
itswork.app/internal/processor/subscriber.go:121.2,122.16 2 1
itswork.app/internal/processor/subscriber.go:122.16,127.3 2 1
itswork.app/internal/processor/subscriber.go:130.2,138.11 2 1
itswork.app/internal/processor/subscriber.go:141.33,144.21 3 1
itswork.app/internal/processor/subscriber.go:144.21,146.3 1 0
itswork.app/cmd/ingestor/main.go:37.49,42.16 4 1
itswork.app/cmd/ingestor/main.go:42.16,44.3 1 0
itswork.app/cmd/ingestor/main.go:46.2,48.40 3 1
itswork.app/cmd/ingestor/main.go:48.40,50.3 1 1
itswork.app/cmd/ingestor/main.go:50.8,52.17 2 1
itswork.app/cmd/ingestor/main.go:52.17,54.4 1 1
itswork.app/cmd/ingestor/main.go:57.2,58.16 2 1
itswork.app/cmd/ingestor/main.go:58.16,60.3 1 1
itswork.app/cmd/ingestor/main.go:62.2,66.16 4 1
itswork.app/cmd/ingestor/main.go:66.16,70.3 2 0
itswork.app/cmd/ingestor/main.go:72.2,73.16 2 1
itswork.app/cmd/ingestor/main.go:73.16,76.3 2 1
itswork.app/cmd/ingestor/main.go:78.2,92.8 3 1
itswork.app/cmd/ingestor/main.go:95.21,98.12 2 1
itswork.app/cmd/ingestor/main.go:98.12,100.92 2 1
itswork.app/cmd/ingestor/main.go:100.92,102.4 1 0
itswork.app/cmd/ingestor/main.go:106.45,108.47 2 1
itswork.app/cmd/ingestor/main.go:108.47,110.3 1 0
itswork.app/cmd/ingestor/main.go:111.2,113.17 3 1
itswork.app/cmd/ingestor/main.go:113.17,115.3 1 1
itswork.app/cmd/ingestor/main.go:116.2,116.18 1 1
itswork.app/cmd/ingestor/main.go:119.13,120.34 1 0
itswork.app/cmd/ingestor/main.go:120.34,122.3 1 0
itswork.app/cmd/ingestor/main.go:125.40,127.16 2 1
itswork.app/cmd/ingestor/main.go:127.16,129.3 1 1
itswork.app/cmd/ingestor/main.go:131.2,145.12 9 1
itswork.app/internal/repository/token_analysis.go:23.73,25.2 1 1
itswork.app/internal/repository/token_analysis.go:28.109,30.16 2 1
itswork.app/internal/repository/token_analysis.go:30.16,32.3 1 0
itswork.app/internal/repository/token_analysis.go:35.2,35.15 1 1
itswork.app/internal/repository/token_analysis.go:35.15,37.3 1 1
itswork.app/internal/repository/token_analysis.go:40.2,48.16 4 1
itswork.app/internal/repository/token_analysis.go:48.16,51.3 2 1
itswork.app/internal/repository/token_analysis.go:54.2,63.16 3 1
itswork.app/internal/repository/token_analysis.go:63.16,66.3 2 1
itswork.app/internal/repository/token_analysis.go:69.2,69.36 1 1
itswork.app/internal/repository/token_analysis.go:69.36,72.3 2 0
itswork.app/internal/repository/token_analysis.go:74.2,75.12 2 1
itswork.app/internal/repository/token_analysis.go:79.105,83.20 2 1
itswork.app/internal/repository/token_analysis.go:83.20,85.17 2 1
itswork.app/internal/repository/token_analysis.go:85.17,87.79 2 1
itswork.app/internal/repository/token_analysis.go:87.79,90.5 2 1
itswork.app/internal/repository/token_analysis.go:91.4,91.91 1 1
itswork.app/internal/repository/token_analysis.go:92.9,92.30 1 1
itswork.app/internal/repository/token_analysis.go:92.30,94.4 1 1
itswork.app/internal/repository/token_analysis.go:98.2,107.16 5 1
itswork.app/internal/repository/token_analysis.go:107.16,108.27 1 1
itswork.app/internal/repository/token_analysis.go:108.27,110.4 1 1
itswork.app/internal/repository/token_analysis.go:111.3,112.18 2 1
itswork.app/internal/repository/token_analysis.go:115.2,121.20 2 1
itswork.app/internal/repository/token_analysis.go:121.20,123.24 2 1
itswork.app/internal/repository/token_analysis.go:123.24,125.18 2 1
itswork.app/internal/repository/token_analysis.go:125.18,127.5 1 1
itswork.app/internal/repository/token_analysis.go:127.10,129.5 1 1
itswork.app/internal/repository/token_analysis.go:133.2,133.18 1 1
