mode: set
itswork.app/internal/repository/payment.go:28.77,30.2 1 1
itswork.app/internal/repository/payment.go:33.80,40.16 3 1
itswork.app/internal/repository/payment.go:40.16,43.3 2 1
itswork.app/internal/repository/payment.go:44.2,44.12 1 1
itswork.app/internal/repository/payment.go:48.102,57.16 4 1
itswork.app/internal/repository/payment.go:57.16,59.3 1 0
itswork.app/internal/repository/payment.go:62.2,62.43 1 1
itswork.app/internal/repository/payment.go:62.43,65.3 2 1
itswork.app/internal/repository/payment.go:67.2,67.12 1 1
itswork.app/internal/repository/payment.go:71.83,75.20 2 1
itswork.app/internal/repository/payment.go:75.20,77.34 2 1
itswork.app/internal/repository/payment.go:77.34,80.4 2 1
itswork.app/internal/repository/payment.go:84.2,84.36 1 1
itswork.app/internal/repository/payment.go:84.36,88.3 3 1
itswork.app/internal/repository/payment.go:91.2,92.28 2 1
itswork.app/internal/repository/payment.go:92.28,96.3 3 1
itswork.app/internal/repository/payment.go:99.2,102.16 4 1
itswork.app/internal/repository/payment.go:102.16,105.3 2 0
itswork.app/internal/repository/payment.go:107.2,110.12 2 1
itswork.app/internal/repository/payment.go:110.12,113.3 2 1
itswork.app/internal/repository/payment.go:115.2,115.15 1 1
itswork.app/internal/repository/payment.go:120.86,124.20 2 1
itswork.app/internal/repository/payment.go:124.20,126.17 2 1
itswork.app/internal/repository/payment.go:126.17,128.4 1 1
itswork.app/internal/repository/payment.go:132.2,139.16 4 1
itswork.app/internal/repository/payment.go:139.16,142.3 2 0
itswork.app/internal/repository/payment.go:144.2,147.20 2 1
itswork.app/internal/repository/payment.go:147.20,149.15 2 1
itswork.app/internal/repository/payment.go:149.15,151.4 1 0
itswork.app/internal/repository/payment.go:152.3,152.58 1 1
itswork.app/internal/repository/payment.go:155.2,155.17 1 1
itswork.app/internal/repository/payment.go:159.92,161.16 2 1
itswork.app/internal/repository/payment.go:161.16,163.3 1 0
itswork.app/internal/repository/payment.go:164.2,164.15 1 1
itswork.app/internal/repository/payment.go:164.15,166.3 1 1
itswork.app/internal/repository/payment.go:169.2,177.16 4 1
itswork.app/internal/repository/payment.go:177.16,178.27 1 1
itswork.app/internal/repository/payment.go:178.27,180.4 1 1
itswork.app/internal/repository/payment.go:181.3,181.20 1 0
itswork.app/internal/repository/payment.go:184.2,184.36 1 1
itswork.app/internal/repository/payment.go:184.36,186.3 1 0
itswork.app/internal/repository/payment.go:188.2,189.18 2 1
itswork.app/internal/repository/payment.go:193.83,194.20 1 1
itswork.app/internal/repository/payment.go:194.20,197.3 2 1
itswork.app/internal/repository/token_analysis.go:23.73,25.2 1 1
itswork.app/internal/repository/token_analysis.go:28.117,30.16 2 1
itswork.app/internal/repository/token_analysis.go:30.16,32.3 1 0
itswork.app/internal/repository/token_analysis.go:35.2,35.15 1 1
itswork.app/internal/repository/token_analysis.go:35.15,37.3 1 1
itswork.app/internal/repository/token_analysis.go:40.2,48.16 4 1
itswork.app/internal/repository/token_analysis.go:48.16,51.3 2 1
itswork.app/internal/repository/token_analysis.go:54.2,64.16 3 1
itswork.app/internal/repository/token_analysis.go:64.16,67.3 2 1
itswork.app/internal/repository/token_analysis.go:70.2,70.36 1 1
itswork.app/internal/repository/token_analysis.go:70.36,73.3 2 0
itswork.app/internal/repository/token_analysis.go:75.2,76.12 2 1
itswork.app/internal/repository/token_analysis.go:80.118,84.20 2 1
itswork.app/internal/repository/token_analysis.go:84.20,86.17 2 1
itswork.app/internal/repository/token_analysis.go:86.17,88.79 2 1
itswork.app/internal/repository/token_analysis.go:88.79,91.5 2 1
itswork.app/internal/repository/token_analysis.go:92.4,92.91 1 1
itswork.app/internal/repository/token_analysis.go:93.9,93.30 1 1
itswork.app/internal/repository/token_analysis.go:93.30,95.4 1 1
itswork.app/internal/repository/token_analysis.go:99.2,108.16 5 1
itswork.app/internal/repository/token_analysis.go:108.16,109.27 1 1
itswork.app/internal/repository/token_analysis.go:109.27,111.4 1 1
itswork.app/internal/repository/token_analysis.go:112.3,113.18 2 1
itswork.app/internal/repository/token_analysis.go:116.2,123.20 2 1
itswork.app/internal/repository/token_analysis.go:123.20,125.24 2 1
itswork.app/internal/repository/token_analysis.go:125.24,127.18 2 1
itswork.app/internal/repository/token_analysis.go:127.18,129.5 1 1
itswork.app/internal/repository/token_analysis.go:129.10,131.5 1 1
itswork.app/internal/repository/token_analysis.go:135.2,135.18 1 1
itswork.app/internal/pay/service.go:28.34,35.2 1 1
itswork.app/internal/pay/service.go:38.71,50.2 7 1
itswork.app/internal/pay/service.go:53.91,59.20 5 1
itswork.app/internal/pay/service.go:60.19,62.31 2 1
itswork.app/internal/pay/service.go:63.20,65.32 2 1
itswork.app/internal/pay/service.go:66.10,68.28 2 0
itswork.app/internal/pay/service.go:71.2,75.29 3 1
itswork.app/internal/pay/service.go:79.95,85.18 5 1
itswork.app/internal/pay/service.go:86.25,88.32 2 1
itswork.app/internal/pay/service.go:89.10,91.33 2 0
itswork.app/internal/pay/service.go:94.2,98.29 3 1
itswork.app/internal/pay/service.go:102.93,103.26 1 1
itswork.app/internal/pay/service.go:103.26,105.3 1 1
itswork.app/internal/pay/service.go:107.2,122.16 5 1
itswork.app/internal/pay/service.go:122.16,124.3 1 0
itswork.app/internal/pay/service.go:125.2,128.16 3 1
itswork.app/internal/pay/service.go:128.16,131.3 2 1
itswork.app/internal/pay/service.go:132.2,141.79 3 1
itswork.app/internal/pay/service.go:141.79,144.3 2 1
itswork.app/internal/pay/service.go:146.2,146.29 1 1
itswork.app/internal/pay/service.go:146.29,148.3 1 1
itswork.app/internal/pay/service.go:150.2,177.16 6 1
itswork.app/internal/pay/service.go:177.16,179.3 1 0
itswork.app/internal/pay/service.go:180.2,183.16 3 1
itswork.app/internal/pay/service.go:183.16,186.3 2 0
itswork.app/internal/pay/service.go:187.2,189.80 2 1
itswork.app/internal/pay/service.go:189.80,192.3 2 0
itswork.app/internal/pay/service.go:194.2,194.25 1 1
itswork.app/internal/pay/service.go:194.25,196.3 1 1
itswork.app/internal/pay/service.go:198.2,198.34 1 1
itswork.app/internal/pay/service.go:198.34,201.3 2 1
itswork.app/internal/pay/service.go:203.2,205.18 3 1
itswork.app/internal/ingestor/handler.go:17.119,31.49 6 1
itswork.app/internal/ingestor/handler.go:31.49,33.3 1 1
itswork.app/internal/ingestor/handler.go:35.2,35.40 1 1
itswork.app/internal/ingestor/handler.go:35.40,37.3 1 1
itswork.app/internal/ingestor/handler.go:39.2,39.52 1 1
itswork.app/internal/ingestor/handler.go:39.52,41.3 1 1
itswork.app/internal/ingestor/handler.go:43.2,44.52 2 1
itswork.app/internal/ingestor/handler.go:44.52,46.3 1 0
itswork.app/internal/ingestor/handler.go:48.2,48.62 1 1
itswork.app/internal/ingestor/handler.go:48.62,50.3 1 0
itswork.app/internal/ingestor/handler.go:52.2,52.52 1 1
itswork.app/internal/ingestor/handler.go:52.52,54.3 1 0
itswork.app/internal/ingestor/handler.go:56.2,56.55 1 1
itswork.app/internal/ingestor/handler.go:56.55,58.3 1 0
itswork.app/internal/ingestor/handler.go:60.2,60.10 1 1
itswork.app/internal/ingestor/handler.go:64.59,67.16 2 1
itswork.app/internal/ingestor/handler.go:67.16,71.3 3 1
itswork.app/internal/ingestor/handler.go:74.2,74.9 1 1
itswork.app/internal/ingestor/handler.go:75.34,77.53 1 1
itswork.app/internal/ingestor/handler.go:78.10,81.84 2 1
itswork.app/internal/ingestor/handler.go:86.116,88.16 2 1
itswork.app/internal/ingestor/handler.go:88.16,91.3 2 1
itswork.app/internal/ingestor/handler.go:94.2,96.18 3 1
itswork.app/internal/ingestor/handler.go:96.18,98.3 1 1
itswork.app/internal/ingestor/handler.go:100.2,100.13 1 1
itswork.app/internal/ingestor/handler.go:100.13,106.3 2 1
itswork.app/internal/ingestor/handler.go:108.2,109.16 2 1
itswork.app/internal/ingestor/handler.go:109.16,112.3 2 1
itswork.app/internal/ingestor/handler.go:115.2,121.4 1 1
itswork.app/internal/ingestor/pay_handler.go:15.110,17.16 2 1
itswork.app/internal/ingestor/pay_handler.go:17.16,20.3 2 1
itswork.app/internal/ingestor/pay_handler.go:22.2,23.18 2 1
itswork.app/internal/ingestor/pay_handler.go:23.18,26.3 2 1
itswork.app/internal/ingestor/pay_handler.go:28.2,39.74 4 1
itswork.app/internal/ingestor/pay_handler.go:39.74,42.3 2 1
itswork.app/internal/ingestor/pay_handler.go:44.2,49.4 1 1
itswork.app/internal/ingestor/pay_handler.go:53.116,55.22 2 1
itswork.app/internal/ingestor/pay_handler.go:55.22,58.3 2 0
itswork.app/internal/ingestor/pay_handler.go:60.2,61.18 2 1
itswork.app/internal/ingestor/pay_handler.go:61.18,64.3 2 0
itswork.app/internal/ingestor/pay_handler.go:66.2,76.4 2 1
itswork.app/internal/ingestor/pay_handler.go:80.122,84.18 3 1
itswork.app/internal/ingestor/pay_handler.go:84.18,87.3 2 0
itswork.app/internal/ingestor/pay_handler.go:89.2,95.4 2 1
itswork.app/internal/ingestor/pay_handler.go:99.110,101.21 2 1
itswork.app/internal/ingestor/pay_handler.go:101.21,104.3 2 1
itswork.app/internal/ingestor/pay_handler.go:106.2,107.16 2 1
itswork.app/internal/ingestor/pay_handler.go:107.16,111.3 3 1
itswork.app/internal/ingestor/pay_handler.go:113.2,113.13 1 1
itswork.app/internal/ingestor/pay_handler.go:113.13,114.108 1 1
itswork.app/internal/ingestor/pay_handler.go:114.108,118.4 3 1
itswork.app/internal/ingestor/pay_handler.go:119.3,119.105 1 1
itswork.app/internal/ingestor/pay_handler.go:120.8,122.3 1 1
itswork.app/internal/ingestor/publisher.go:14.120,16.2 1 1
itswork.app/internal/ingestor/publisher.go:32.32,36.21 3 1
itswork.app/internal/ingestor/publisher.go:36.21,38.3 1 1
itswork.app/internal/ingestor/publisher.go:39.2,39.19 1 1
itswork.app/internal/ingestor/publisher.go:39.19,41.3 1 1
itswork.app/internal/ingestor/publisher.go:43.2,47.16 3 1
itswork.app/internal/ingestor/publisher.go:47.16,49.3 1 1
itswork.app/internal/ingestor/publisher.go:51.2,52.19 2 1
itswork.app/internal/ingestor/publisher.go:52.19,59.3 4 1
itswork.app/internal/ingestor/publisher.go:61.2,71.12 3 1
itswork.app/internal/ingestor/publisher.go:74.50,75.34 1 1
itswork.app/internal/ingestor/publisher.go:75.34,78.3 2 1
itswork.app/internal/ingestor/publisher.go:81.36,84.6 2 1
itswork.app/internal/ingestor/publisher.go:84.6,85.10 1 1
itswork.app/internal/ingestor/publisher.go:86.23,87.10 1 1
itswork.app/internal/ingestor/publisher.go:88.32,89.46 1 1
itswork.app/internal/ingestor/publisher.go:89.46,91.13 2 1
itswork.app/internal/ingestor/publisher.go:95.4,100.37 2 1
itswork.app/internal/ingestor/publisher.go:100.37,105.19 4 1
itswork.app/internal/ingestor/publisher.go:105.19,107.6 1 0
itswork.app/internal/ingestor/publisher.go:113.32,117.45 4 1
itswork.app/internal/ingestor/publisher.go:117.45,119.3 1 1
itswork.app/internal/ingestor/publisher.go:120.2,120.21 1 1
itswork.app/internal/ingestor/publisher.go:120.21,122.3 1 1
itswork.app/internal/ingestor/publisher.go:123.2,123.47 1 1
itswork.app/internal/ingestor/publisher.go:126.32,127.14 1 1
itswork.app/internal/ingestor/publisher.go:127.14,129.3 1 0
itswork.app/internal/ingestor/publisher.go:130.2,130.23 1 1
itswork.app/internal/ingestor/publisher.go:131.25,132.18 1 1
itswork.app/internal/ingestor/publisher.go:134.2,134.14 1 1
